SpaceShooterAndroid/app/manifest-merger-release-report.txt
-- Merging decision tree log ---
manifest
ADDED from AndroidManifest.xml:2:1
	android:theme
		ADDED from AndroidManifest.xml:2:111
	xmlns:android
		ADDED from AndroidManifest.xml:2:11
	package
		ADDED from AndroidManifest.xml:2:70
		INJECTED from AndroidManifest.xml:0:0
		INJECTED from AndroidManifest.xml:0:0
	android:versionName
		ADDED from AndroidManifest.xml:2:159
	android:versionCode
		ADDED from AndroidManifest.xml:2:185
		INJECTED from AndroidManifest.xml:0:0
		INJECTED from AndroidManifest.xml:0:0
	android:installLocation
		ADDED from AndroidManifest.xml:2:209
supports-screens
ADDED from AndroidManifest.xml:3:3
	android:largeScreens
		ADDED from AndroidManifest.xml:3:78
	android:anyDensity
		ADDED from AndroidManifest.xml:3:135
	android:normalScreens
		ADDED from AndroidManifest.xml:3:49
	android:xlargeScreens
		ADDED from AndroidManifest.xml:3:106
	android:smallScreens
		ADDED from AndroidManifest.xml:3:21
application
ADDED from AndroidManifest.xml:4:3
	android:label
		ADDED from AndroidManifest.xml:4:50
	android:icon
		ADDED from AndroidManifest.xml:4:16
	android:isGame
		ADDED from AndroidManifest.xml:4:83
	android:banner
		ADDED from AndroidManifest.xml:4:105
activity#com.chriscartland.spaceshooter.UnityPlayerNativeActivity
ADDED from AndroidManifest.xml:5:5
	android:screenOrientation
		ADDED from AndroidManifest.xml:5:120
	android:label
		ADDED from AndroidManifest.xml:5:15
	android:configChanges
		ADDED from AndroidManifest.xml:5:191
	android:name
		ADDED from AndroidManifest.xml:5:48
	android:launchMode
		ADDED from AndroidManifest.xml:5:159
intent-filter#android.intent.action.MAIN+android.intent.category.LAUNCHER+android.intent.category.LEANBACK_LAUNCHER
ADDED from AndroidManifest.xml:6:7
action#android.intent.action.MAIN
ADDED from AndroidManifest.xml:7:9
	android:name
		ADDED from AndroidManifest.xml:7:17
category#android.intent.category.LAUNCHER
ADDED from AndroidManifest.xml:8:9
	android:name
		ADDED from AndroidManifest.xml:8:19
category#android.intent.category.LEANBACK_LAUNCHER
ADDED from AndroidManifest.xml:9:9
	android:name
		ADDED from AndroidManifest.xml:9:19
meta-data#unityplayer.UnityActivity
ADDED from AndroidManifest.xml:11:7
	android:name
		ADDED from AndroidManifest.xml:11:18
	android:value
		ADDED from AndroidManifest.xml:11:59
meta-data#unityplayer.ForwardNativeEventsToDalvik
ADDED from AndroidManifest.xml:12:7
	android:name
		ADDED from AndroidManifest.xml:12:18
	android:value
		ADDED from AndroidManifest.xml:12:73
uses-sdk
ADDED from AndroidManifest.xml:15:3
	android:targetSdkVersion
		ADDED from AndroidManifest.xml:15:39
		INJECTED from AndroidManifest.xml:0:0
		INJECTED from AndroidManifest.xml:0:0
	android:minSdkVersion
		ADDED from AndroidManifest.xml:15:13
		INJECTED from AndroidManifest.xml:0:0
		INJECTED from AndroidManifest.xml:0:0
uses-feature#0x00020000
ADDED from AndroidManifest.xml:16:3
	android:glEsVersion
		ADDED from AndroidManifest.xml:16:17
uses-feature#android.software.leanback
ADDED from AndroidManifest.xml:17:3
	android:required
		ADDED from AndroidManifest.xml:17:58
	android:name
		ADDED from AndroidManifest.xml:17:17
uses-permission#android.permission.INTERNET
ADDED from AndroidManifest.xml:18:3
	android:name
		ADDED from AndroidManifest.xml:18:20
uses-permission#android.permission.WRITE_EXTERNAL_STORAGE
ADDED from AndroidManifest.xml:19:3
	android:name
		ADDED from AndroidManifest.xml:19:20
uses-feature#android.hardware.touchscreen
ADDED from AndroidManifest.xml:20:3
	android:required
		ADDED from AndroidManifest.xml:20:61
	android:name
		ADDED from AndroidManifest.xml:20:17
uses-feature#android.hardware.touchscreen.multitouch
ADDED from AndroidManifest.xml:21:3
	android:required
		ADDED from AndroidManifest.xml:21:72
	android:name
		ADDED from AndroidManifest.xml:21:17
uses-feature#android.hardware.touchscreen.multitouch.distinct
ADDED from AndroidManifest.xml:22:3
	android:required
		ADDED from AndroidManifest.xml:22:81
	android:name
		ADDED from AndroidManifest.xml:22:17